<?xml version="1.0" encoding="UTF-8"?>
<!-- Generated by org.testng.reporters.JUnitReportReporter -->
<testsuite hostname="LAPTOP-C7UG29DH" failures="0" tests="2" name="ManjuPackage.Grid2" time="15.104" errors="0" timestamp="2023-12-01T17:11:11 IST" skipped="0">
  <testcase classname="ManjuPackage.Grid2" name="ib_login" time="8.643"/>
  <system-out/>
  <testcase classname="ManjuPackage.Grid2" name="ib_register" time="6.461"/>
  <system-out/>
</testsuite> <!-- ManjuPackage.Grid2 -->
